2021-10-13 09:11:14,187 INFO j.u.l.Logger [main] Драйвер поднят
2021-10-13 09:11:24,724 INFO j.u.l.Logger [main] Сайт открыт
2021-10-13 09:11:38,268 INFO j.u.l.Logger [main] В поисковой выдаче первый результат 'Онлайн‑курсы для профессионалов, дистанционное обучение...'
2021-10-13 09:11:42,755 INFO j.u.l.Logger [main] Картинка открылась в модальном окне
2021-10-13 09:12:16,331 INFO j.u.l.Logger [main] Драйвер поднят
2021-10-13 09:12:30,688 INFO j.u.l.Logger [main] Сайт открыт
2021-10-13 09:13:03,306 INFO j.u.l.Logger [main] Драйвер поднят
2021-10-13 09:13:14,164 INFO j.u.l.Logger [main] Сайт открыт
2021-10-13 09:14:10,213 INFO j.u.l.Logger [main] Драйвер поднят
2021-10-13 09:14:24,134 INFO j.u.l.Logger [main] Сайт открыт
2021-10-13 09:15:14,674 INFO j.u.l.Logger [main] Драйвер поднят
2021-10-13 09:15:32,514 INFO j.u.l.Logger [main] Сайт открыт
2021-10-13 09:16:02,145 INFO j.u.l.Logger [main] Драйвер поднят
2021-10-13 09:16:14,732 INFO j.u.l.Logger [main] Сайт открыт
2021-10-13 09:16:17,153 INFO j.u.l.Logger [main] Авторизация прошла
2021-10-13 09:16:17,172 INFO j.u.l.Logger [main] [advcake_track_id=6f5e2110-8391-3f66-88e4-c87afb46ea55; expires=пт, 12 нояб. 2021 09:16:06 MSK; path=/; domain=.otus.ru, oid=77d1b489222f58ba0b519b7509dae0ba; expires=сб, 12 окт. 2024 09:16:15 MSK; path=/; domain=.otus.ru, sessionid=zmzmzokzqd6urfxru6aebpt7g0fzpzom; expires=вт, 11 янв. 2022 09:16:05 MSK; path=/; domain=otus.ru, _ym_d=1634105766; expires=чт, 13 окт. 2022 09:16:06 MSK; path=/; domain=.otus.ru;secure;, _ym_visorc=w; expires=ср, 13 окт. 2021 09:46:06 MSK; path=/; domain=.otus.ru;secure;, _gid=GA1.2.162079775.1634105767; expires=чт, 14 окт. 2021 09:16:06 MSK; path=/; domain=.otus.ru, utm=utm_source%3Dtypein%26utm_medium%3Ddirect%26utm_campaign%3DNone; expires=сб, 12 окт. 2024 09:16:15 MSK; path=/; domain=otus.ru, _ym_uid=163410576639023665; expires=чт, 13 окт. 2022 09:16:06 MSK; path=/; domain=.otus.ru;secure;, _ym_isad=2; expires=чт, 14 окт. 2021 05:16:09 MSK; path=/; domain=.otus.ru;secure;, _gat=1; expires=ср, 13 окт. 2021 09:17:06 MSK; path=/; domain=.otus.ru, _ga=GA1.2.1653492804.1634105767; expires=пт, 13 окт. 2023 09:16:06 MSK; path=/; domain=.otus.ru, _fbp=fb.1.1634105769483.519064303; expires=вт, 11 янв. 2022 09:16:17 MSK; path=/; domain=.otus.ru, advcake_session_id=9fb6180a-1d04-fd7e-fd83-ce43e65f64cc; expires=пт, 12 нояб. 2021 09:16:06 MSK; path=/; domain=.otus.ru]
2021-10-13 09:16:17,173 INFO j.u.l.Logger [main] Логи собраны
2021-10-13 09:46:00,774 INFO j.u.l.Logger [main] Драйвер поднят
2021-10-13 09:46:36,363 INFO j.u.l.Logger [main] Сайт открыт
2021-10-13 09:46:38,033 INFO j.u.l.Logger [main] Авторизация прошла
2021-10-13 09:46:38,053 INFO j.u.l.Logger [main] [advcake_track_id=18512eab-0be9-fa17-f0b0-ba1514be7087; expires=пт, 12 нояб. 2021 09:46:03 MSK; path=/; domain=.otus.ru, oid=3ece582b21eca70234efcdba6a694471; expires=сб, 12 окт. 2024 09:46:37 MSK; path=/; domain=.otus.ru, _ym_d=1634107563; expires=чт, 13 окт. 2022 09:46:03 MSK; path=/; domain=.otus.ru;secure;, sessionid=qxhxtfa8jpb5dyzl9wj3a6k9wlqivl4y; expires=вт, 11 янв. 2022 09:46:02 MSK; path=/; domain=otus.ru, _ym_visorc=w; expires=ср, 13 окт. 2021 10:16:03 MSK; path=/; domain=.otus.ru;secure;, _gid=GA1.2.1001401112.1634107564; expires=чт, 14 окт. 2021 09:46:03 MSK; path=/; domain=.otus.ru, utm=utm_source%3Dtypein%26utm_medium%3Ddirect%26utm_campaign%3DNone; expires=сб, 12 окт. 2024 09:46:37 MSK; path=/; domain=otus.ru, _ym_uid=163410756328894755; expires=чт, 13 окт. 2022 09:46:03 MSK; path=/; domain=.otus.ru;secure;, _ym_isad=2; expires=чт, 14 окт. 2021 05:46:06 MSK; path=/; domain=.otus.ru;secure;, _gat=1; expires=ср, 13 окт. 2021 09:47:03 MSK; path=/; domain=.otus.ru, _ga=GA1.2.745772559.1634107564; expires=пт, 13 окт. 2023 09:46:03 MSK; path=/; domain=.otus.ru, _fbp=fb.1.1634107567161.1292841171; expires=вт, 11 янв. 2022 09:46:38 MSK; path=/; domain=.otus.ru, advcake_session_id=6c8ec91e-3d2c-1c79-06b2-402e5d03b03d; expires=пт, 12 нояб. 2021 09:46:03 MSK; path=/; domain=.otus.ru]
2021-10-13 09:46:38,054 INFO j.u.l.Logger [main] Логи собраны
2021-10-13 09:48:22,309 INFO j.u.l.Logger [main] Драйвер поднят
2021-10-13 09:49:03,732 INFO j.u.l.Logger [main] Драйвер поднят
2021-10-13 09:50:10,536 INFO j.u.l.Logger [main] Драйвер поднят
2021-10-13 09:50:14,084 INFO j.u.l.Logger [main] Картинка открылась в модальном окне
2021-10-13 09:50:51,150 INFO j.u.l.Logger [main] Драйвер поднят
2021-10-13 09:50:59,544 INFO j.u.l.Logger [main] В поисковой выдаче первый результат 'Онлайн‑курсы для профессионалов, дистанционное обучение...'
2021-10-13 09:51:34,303 INFO j.u.l.Logger [main] Драйвер поднят
2021-10-13 09:51:46,044 INFO j.u.l.Logger [main] Сайт открыт
2021-10-13 09:51:47,626 INFO j.u.l.Logger [main] Авторизация прошла
2021-10-13 09:51:47,644 INFO j.u.l.Logger [main] [advcake_track_id=93051be5-c963-3b32-bde0-5660b140b412; expires=пт, 12 нояб. 2021 09:51:38 MSK; path=/; domain=.otus.ru, oid=a3d0947ed605bc66c63b338923923846; expires=сб, 12 окт. 2024 09:51:47 MSK; path=/; domain=.otus.ru, sessionid=p6dw92vzeq3hq50ytms501dowjv67qpm; expires=вт, 11 янв. 2022 09:51:37 MSK; path=/; domain=otus.ru, _ym_d=1634107899; expires=чт, 13 окт. 2022 09:51:38 MSK; path=/; domain=.otus.ru;secure;, _ym_visorc=w; expires=ср, 13 окт. 2021 10:21:39 MSK; path=/; domain=.otus.ru;secure;, _gid=GA1.2.710694350.1634107899; expires=чт, 14 окт. 2021 09:51:38 MSK; path=/; domain=.otus.ru, utm=utm_source%3Dtypein%26utm_medium%3Ddirect%26utm_campaign%3DNone; expires=сб, 12 окт. 2024 09:51:47 MSK; path=/; domain=otus.ru, _ym_uid=1634107899147666750; expires=чт, 13 окт. 2022 09:51:38 MSK; path=/; domain=.otus.ru;secure;, _ym_isad=2; expires=чт, 14 окт. 2021 05:51:41 MSK; path=/; domain=.otus.ru;secure;, _gat=1; expires=ср, 13 окт. 2021 09:52:38 MSK; path=/; domain=.otus.ru, _ga=GA1.2.170451369.1634107899; expires=пт, 13 окт. 2023 09:51:38 MSK; path=/; domain=.otus.ru, _fbp=fb.1.1634107901360.1844416350; expires=вт, 11 янв. 2022 09:51:47 MSK; path=/; domain=.otus.ru, advcake_session_id=d3398041-530c-498a-cd48-d3556a6dec7e; expires=пт, 12 нояб. 2021 09:51:38 MSK; path=/; domain=.otus.ru]
2021-10-13 09:51:47,645 INFO j.u.l.Logger [main] Логи собраны
2021-10-13 09:51:54,183 INFO j.u.l.Logger [main] В поисковой выдаче первый результат 'Онлайн‑курсы для профессионалов, дистанционное обучение...'
2021-10-13 09:51:57,090 INFO j.u.l.Logger [main] Картинка открылась в модальном окне
2021-10-13 09:56:57,227 INFO j.u.l.Logger [main] Драйвер поднят
2021-10-13 09:56:59,449 INFO j.u.l.Logger [main] Сайт открыт
2021-10-13 09:57:00,497 INFO j.u.l.Logger [main] Авторизация прошла
2021-10-13 09:57:00,515 INFO j.u.l.Logger [main] [advcake_track_id=639ef249-f2b9-df0c-45b8-97c9f8bf5abc; expires=пт, 12 нояб. 2021 09:56:58 MSK; path=/; domain=.otus.ru, oid=564560ab89e8be0895b8268d23ec3974; expires=сб, 12 окт. 2024 09:56:59 MSK; path=/; domain=.otus.ru, _ym_d=1634108218; expires=чт, 13 окт. 2022 09:56:58 MSK; path=/; domain=.otus.ru;secure;, sessionid=zgt68khuf7cauutnjcw393r0bds0nbj3; expires=вт, 11 янв. 2022 09:56:58 MSK; path=/; domain=otus.ru, _ym_visorc=w; expires=ср, 13 окт. 2021 10:26:58 MSK; path=/; domain=.otus.ru;secure;, _gid=GA1.2.426179866.1634108219; expires=чт, 14 окт. 2021 09:56:58 MSK; path=/; domain=.otus.ru, utm=utm_source%3Dtypein%26utm_medium%3Ddirect%26utm_campaign%3DNone; expires=сб, 12 окт. 2024 09:56:59 MSK; path=/; domain=otus.ru, _ym_uid=1634108218968394129; expires=чт, 13 окт. 2022 09:56:58 MSK; path=/; domain=.otus.ru;secure;, _ym_isad=2; expires=чт, 14 окт. 2021 05:56:59 MSK; path=/; domain=.otus.ru;secure;, _gat=1; expires=ср, 13 окт. 2021 09:57:58 MSK; path=/; domain=.otus.ru, _ga=GA1.2.122261145.1634108219; expires=пт, 13 окт. 2023 09:56:58 MSK; path=/; domain=.otus.ru, _fbp=fb.1.1634108219338.1222559967; expires=вт, 11 янв. 2022 09:57:00 MSK; path=/; domain=.otus.ru, advcake_session_id=0f636a45-5d93-3ba7-0004-d23cf042ca8c; expires=пт, 12 нояб. 2021 09:56:58 MSK; path=/; domain=.otus.ru]
2021-10-13 09:57:00,516 INFO j.u.l.Logger [main] Логи собраны
2021-10-13 09:57:05,363 INFO j.u.l.Logger [main] В поисковой выдаче первый результат 'Онлайн‑курсы для профессионалов, дистанционное обучение...'
2021-10-13 09:57:08,328 INFO j.u.l.Logger [main] Картинка открылась в модальном окне
2021-10-13 09:57:15,478 INFO j.u.l.Logger [main] Драйвер поднят
2021-10-13 09:57:18,051 INFO j.u.l.Logger [main] Сайт открыт
2021-10-13 09:57:19,106 INFO j.u.l.Logger [main] Авторизация прошла
2021-10-13 09:57:19,130 INFO j.u.l.Logger [main] [advcake_track_id=0e800983-d468-5786-af60-795e229130ef; expires=пт, 12 нояб. 2021 09:57:16 MSK; path=/; domain=.otus.ru, oid=d27ee2826289211d32f1520af87af565; expires=сб, 12 окт. 2024 09:57:18 MSK; path=/; domain=.otus.ru, sessionid=kx46kmw88pqupzfmsv1im11hm5a460tl; expires=вт, 11 янв. 2022 09:57:16 MSK; path=/; domain=otus.ru, _ym_d=1634108237; expires=чт, 13 окт. 2022 09:57:16 MSK; path=/; domain=.otus.ru;secure;, _ym_visorc=w; expires=ср, 13 окт. 2021 10:27:17 MSK; path=/; domain=.otus.ru;secure;, _gid=GA1.2.1017940011.1634108237; expires=чт, 14 окт. 2021 09:57:16 MSK; path=/; domain=.otus.ru, utm=utm_source%3Dtypein%26utm_medium%3Ddirect%26utm_campaign%3DNone; expires=сб, 12 окт. 2024 09:57:18 MSK; path=/; domain=otus.ru, _ym_uid=1634108237769311516; expires=чт, 13 окт. 2022 09:57:16 MSK; path=/; domain=.otus.ru;secure;, _ym_isad=2; expires=чт, 14 окт. 2021 05:57:17 MSK; path=/; domain=.otus.ru;secure;, _gat=1; expires=ср, 13 окт. 2021 09:58:16 MSK; path=/; domain=.otus.ru, _ga=GA1.2.812710507.1634108237; expires=пт, 13 окт. 2023 09:57:16 MSK; path=/; domain=.otus.ru, _fbp=fb.1.1634108237477.908007260; expires=вт, 11 янв. 2022 09:57:19 MSK; path=/; domain=.otus.ru, advcake_session_id=a6267479-a125-d362-9667-2c28d18058eb; expires=пт, 12 нояб. 2021 09:57:16 MSK; path=/; domain=.otus.ru]
2021-10-13 09:57:19,130 INFO j.u.l.Logger [main] Логи собраны
2021-10-13 09:57:24,064 INFO j.u.l.Logger [main] В поисковой выдаче первый результат 'Онлайн‑курсы для профессионалов, дистанционное обучение...'
2021-10-13 09:57:27,491 INFO j.u.l.Logger [main] Картинка открылась в модальном окне
2021-10-13 09:57:54,404 INFO j.u.l.Logger [main] Драйвер поднят
2021-10-13 09:57:56,951 INFO j.u.l.Logger [main] Сайт открыт
2021-10-13 09:57:58,003 INFO j.u.l.Logger [main] Авторизация прошла
2021-10-13 09:57:58,023 INFO j.u.l.Logger [main] [advcake_track_id=37ec9c4c-2e02-e641-4597-26542ae42f80; expires=пт, 12 нояб. 2021 09:57:55 MSK; path=/; domain=.otus.ru, oid=7b4b5008a20df8a83ac168072b428e59; expires=сб, 12 окт. 2024 09:57:57 MSK; path=/; domain=.otus.ru, sessionid=l5nm0er2s0o9irbi2a48fjsu0d7pn676; expires=вт, 11 янв. 2022 09:57:55 MSK; path=/; domain=otus.ru, _ym_d=1634108276; expires=чт, 13 окт. 2022 09:57:55 MSK; path=/; domain=.otus.ru;secure;, _ym_visorc=w; expires=ср, 13 окт. 2021 10:27:56 MSK; path=/; domain=.otus.ru;secure;, _gid=GA1.2.1617012506.1634108276; expires=чт, 14 окт. 2021 09:57:56 MSK; path=/; domain=.otus.ru, utm=utm_source%3Dtypein%26utm_medium%3Ddirect%26utm_campaign%3DNone; expires=сб, 12 окт. 2024 09:57:57 MSK; path=/; domain=otus.ru, _ym_uid=16341082761046009151; expires=чт, 13 окт. 2022 09:57:55 MSK; path=/; domain=.otus.ru;secure;, _ym_isad=2; expires=чт, 14 окт. 2021 05:57:56 MSK; path=/; domain=.otus.ru;secure;, _gat=1; expires=ср, 13 окт. 2021 09:58:56 MSK; path=/; domain=.otus.ru, _ga=GA1.2.1856969634.1634108276; expires=пт, 13 окт. 2023 09:57:56 MSK; path=/; domain=.otus.ru, _fbp=fb.1.1634108276635.1211338193; expires=вт, 11 янв. 2022 09:57:57 MSK; path=/; domain=.otus.ru, advcake_session_id=b157ac0b-884c-0f38-f2cc-79ee6d0a121e; expires=пт, 12 нояб. 2021 09:57:55 MSK; path=/; domain=.otus.ru]
2021-10-13 09:57:58,023 INFO j.u.l.Logger [main] Логи собраны
2021-10-13 09:58:03,319 INFO j.u.l.Logger [main] В поисковой выдаче первый результат 'Онлайн‑курсы для профессионалов, дистанционное обучение...'
2021-10-13 09:58:06,782 INFO j.u.l.Logger [main] Картинка открылась в модальном окне
2021-10-13 09:58:12,289 INFO j.u.l.Logger [main] Драйвер поднят
2021-10-13 09:58:14,977 INFO j.u.l.Logger [main] Сайт открыт
2021-10-13 09:58:16,048 INFO j.u.l.Logger [main] Авторизация прошла
2021-10-13 09:58:16,067 INFO j.u.l.Logger [main] [advcake_track_id=1380ef32-bab2-0b91-8487-3afb1975cb25; expires=пт, 12 нояб. 2021 09:58:13 MSK; path=/; domain=.otus.ru, oid=87d6ba75c774b51a29f64291c7de3e18; expires=сб, 12 окт. 2024 09:58:15 MSK; path=/; domain=.otus.ru, sessionid=qnxbyqdgzs0grprckphuzai3240wpjqn; expires=вт, 11 янв. 2022 09:58:13 MSK; path=/; domain=otus.ru, _ym_d=1634108294; expires=чт, 13 окт. 2022 09:58:13 MSK; path=/; domain=.otus.ru;secure;, _ym_visorc=w; expires=ср, 13 окт. 2021 10:28:14 MSK; path=/; domain=.otus.ru;secure;, _gid=GA1.2.1890668338.1634108294; expires=чт, 14 окт. 2021 09:58:13 MSK; path=/; domain=.otus.ru, utm=utm_source%3Dtypein%26utm_medium%3Ddirect%26utm_campaign%3DNone; expires=сб, 12 окт. 2024 09:58:15 MSK; path=/; domain=otus.ru, _ym_uid=1634108294679284315; expires=чт, 13 окт. 2022 09:58:13 MSK; path=/; domain=.otus.ru;secure;, _ym_isad=2; expires=чт, 14 окт. 2021 05:58:14 MSK; path=/; domain=.otus.ru;secure;, _gat=1; expires=ср, 13 окт. 2021 09:59:13 MSK; path=/; domain=.otus.ru, _ga=GA1.2.1617596855.1634108294; expires=пт, 13 окт. 2023 09:58:13 MSK; path=/; domain=.otus.ru, _fbp=fb.1.1634108294416.672701150; expires=вт, 11 янв. 2022 09:58:16 MSK; path=/; domain=.otus.ru, advcake_session_id=7811ef98-d197-d9c5-aef1-1620d86084d7; expires=пт, 12 нояб. 2021 09:58:13 MSK; path=/; domain=.otus.ru]
2021-10-13 09:58:16,068 INFO j.u.l.Logger [main] Логи собраны
2021-10-13 09:58:20,520 INFO j.u.l.Logger [main] В поисковой выдаче первый результат 'Онлайн‑курсы для профессионалов, дистанционное обучение...'
2021-10-13 09:58:23,585 INFO j.u.l.Logger [main] Картинка открылась в модальном окне
2021-10-13 12:08:02,860 INFO j.u.l.Logger [main] Драйвер поднят
2021-10-13 12:08:33,377 INFO j.u.l.Logger [main] Сайт открыт
2021-10-13 12:08:35,036 INFO j.u.l.Logger [main] Авторизация прошла
2021-10-13 12:08:35,056 INFO j.u.l.Logger [main] [advcake_track_id=2a06ed9f-05ca-6b9a-6b05-bca86698faa5; expires=пт, 12 нояб. 2021 12:08:06 MSK; path=/; domain=.otus.ru, oid=35f4881a90244e655b0728f5bbbc5674; expires=сб, 12 окт. 2024 12:08:34 MSK; path=/; domain=.otus.ru, sessionid=xk506urc0n52g0trxz05yukjsuxg4n3t; expires=вт, 11 янв. 2022 12:08:05 MSK; path=/; domain=otus.ru, _ym_d=1634116087; expires=чт, 13 окт. 2022 12:08:06 MSK; path=/; domain=.otus.ru;secure;, _ym_visorc=w; expires=ср, 13 окт. 2021 12:38:07 MSK; path=/; domain=.otus.ru;secure;, _gid=GA1.2.2074796464.1634116087; expires=чт, 14 окт. 2021 12:08:06 MSK; path=/; domain=.otus.ru, utm=utm_source%3Dtypein%26utm_medium%3Ddirect%26utm_campaign%3DNone; expires=сб, 12 окт. 2024 12:08:34 MSK; path=/; domain=otus.ru, _ym_uid=1634116087438731051; expires=чт, 13 окт. 2022 12:08:06 MSK; path=/; domain=.otus.ru;secure;, _ym_isad=2; expires=чт, 14 окт. 2021 08:08:09 MSK; path=/; domain=.otus.ru;secure;, _gat=1; expires=ср, 13 окт. 2021 12:09:06 MSK; path=/; domain=.otus.ru, _ga=GA1.2.1714024437.1634116087; expires=пт, 13 окт. 2023 12:08:06 MSK; path=/; domain=.otus.ru, _fbp=fb.1.1634116089949.569822293; expires=вт, 11 янв. 2022 12:08:35 MSK; path=/; domain=.otus.ru, advcake_session_id=e274217f-30a6-d301-e1e9-0179b64594fe; expires=пт, 12 нояб. 2021 12:08:06 MSK; path=/; domain=.otus.ru]
2021-10-13 12:08:35,057 INFO j.u.l.Logger [main] Логи собраны
2021-10-13 12:08:43,611 INFO j.u.l.Logger [main] В поисковой выдаче первый результат 'Онлайн‑курсы для профессионалов, дистанционное обучение...'
2021-10-13 12:08:47,433 INFO j.u.l.Logger [main] Картинка открылась в модальном окне
2021-10-13 13:08:38,556 INFO j.u.l.Logger [main] Драйвер поднят
2021-10-13 13:08:41,015 INFO j.u.l.Logger [main] Сайт открыт
2021-10-13 13:08:42,081 INFO j.u.l.Logger [main] Авторизация прошла
2021-10-13 13:08:42,108 INFO j.u.l.Logger [main] [advcake_track_id=4ea87c45-da4f-30e3-7ec8-00fbf9ac9703; expires=пт, 12 нояб. 2021 01:08:39 MSK; path=/; domain=.otus.ru, oid=a008161836c96165f5746c8047c5e6fa; expires=сб, 12 окт. 2024 01:08:41 MSK; path=/; domain=.otus.ru, sessionid=qq9wmdehwlme2e8ldwfdnbslawambmnj; expires=вт, 11 янв. 2022 01:08:39 MSK; path=/; domain=otus.ru, _ym_d=1634119720; expires=чт, 13 окт. 2022 01:08:39 MSK; path=/; domain=.otus.ru;secure;, _ym_visorc=w; expires=ср, 13 окт. 2021 01:38:40 MSK; path=/; domain=.otus.ru;secure;, _gid=GA1.2.506305683.1634119720; expires=чт, 14 окт. 2021 01:08:40 MSK; path=/; domain=.otus.ru, utm=utm_source%3Dtypein%26utm_medium%3Ddirect%26utm_campaign%3DNone; expires=сб, 12 окт. 2024 01:08:41 MSK; path=/; domain=otus.ru, _ym_uid=1634119720640410230; expires=чт, 13 окт. 2022 01:08:39 MSK; path=/; domain=.otus.ru;secure;, _ym_isad=2; expires=чт, 14 окт. 2021 09:08:40 MSK; path=/; domain=.otus.ru;secure;, _gat=1; expires=ср, 13 окт. 2021 01:09:40 MSK; path=/; domain=.otus.ru, _ga=GA1.2.1290781393.1634119720; expires=пт, 13 окт. 2023 01:08:40 MSK; path=/; domain=.otus.ru, _fbp=fb.1.1634119720691.1764654902; expires=вт, 11 янв. 2022 01:08:41 MSK; path=/; domain=.otus.ru, advcake_session_id=9689d91e-6aa8-3b40-5de6-5db84f2b89bb; expires=пт, 12 нояб. 2021 01:08:39 MSK; path=/; domain=.otus.ru]
2021-10-13 13:08:42,108 INFO j.u.l.Logger [main] Логи собраны
2021-10-13 13:08:48,864 INFO j.u.l.Logger [main] В поисковой выдаче первый результат 'Онлайн‑курсы для профессионалов, дистанционное обучение...'
2021-10-13 13:08:52,512 INFO j.u.l.Logger [main] Картинка открылась в модальном окне
2021-10-13 13:09:07,623 INFO j.u.l.Logger [main] Драйвер поднят
2021-10-13 13:09:10,091 INFO j.u.l.Logger [main] Сайт открыт
2021-10-13 13:09:11,205 INFO j.u.l.Logger [main] Авторизация прошла
2021-10-13 13:09:11,228 INFO j.u.l.Logger [main] [advcake_track_id=f0184fad-c08a-533d-7a09-601b0cab1f98; expires=пт, 12 нояб. 2021 01:09:08 MSK; path=/; domain=.otus.ru, oid=c747455fe52b221e9fe9f707c66b85dc; expires=сб, 12 окт. 2024 01:09:10 MSK; path=/; domain=.otus.ru, sessionid=x1nto08y8z5gzn0cxy2956houzi6pn71; expires=вт, 11 янв. 2022 01:09:08 MSK; path=/; domain=otus.ru, _ym_d=1634119749; expires=чт, 13 окт. 2022 01:09:08 MSK; path=/; domain=.otus.ru;secure;, _ym_visorc=w; expires=ср, 13 окт. 2021 01:39:09 MSK; path=/; domain=.otus.ru;secure;, _gid=GA1.2.124389950.1634119749; expires=чт, 14 окт. 2021 01:09:09 MSK; path=/; domain=.otus.ru, utm=utm_source%3Dtypein%26utm_medium%3Ddirect%26utm_campaign%3DNone; expires=сб, 12 окт. 2024 01:09:10 MSK; path=/; domain=otus.ru, _ym_uid=1634119749848544316; expires=чт, 13 окт. 2022 01:09:08 MSK; path=/; domain=.otus.ru;secure;, _ym_isad=2; expires=чт, 14 окт. 2021 09:09:09 MSK; path=/; domain=.otus.ru;secure;, _gat=1; expires=ср, 13 окт. 2021 01:10:09 MSK; path=/; domain=.otus.ru, _ga=GA1.2.1420402228.1634119749; expires=пт, 13 окт. 2023 01:09:09 MSK; path=/; domain=.otus.ru, _fbp=fb.1.1634119749963.1223934422; expires=вт, 11 янв. 2022 01:09:11 MSK; path=/; domain=.otus.ru, advcake_session_id=4786b486-d26e-a38d-a60d-bb18ea9497fd; expires=пт, 12 нояб. 2021 01:09:08 MSK; path=/; domain=.otus.ru]
2021-10-13 13:09:11,228 INFO j.u.l.Logger [main] Логи собраны
2021-10-13 13:09:16,695 INFO j.u.l.Logger [main] В поисковой выдаче первый результат 'Онлайн‑курсы для профессионалов, дистанционное обучение...'
2021-10-13 13:09:19,729 INFO j.u.l.Logger [main] Картинка открылась в модальном окне
2021-10-13 13:09:34,894 INFO j.u.l.Logger [main] Драйвер поднят
2021-10-13 13:09:37,332 INFO j.u.l.Logger [main] Сайт открыт
2021-10-13 13:09:38,352 INFO j.u.l.Logger [main] Авторизация прошла
2021-10-13 13:09:38,371 INFO j.u.l.Logger [main] [advcake_track_id=46c3f650-34bb-dcbc-f614-62ea5d4fdf81; expires=пт, 12 нояб. 2021 01:09:36 MSK; path=/; domain=.otus.ru, oid=f07727d99b1f7d82d925b542dc9199bb; expires=сб, 12 окт. 2024 01:09:37 MSK; path=/; domain=.otus.ru, sessionid=04ukl82673wls032d7a7l46jdmtbzqwc; expires=вт, 11 янв. 2022 01:09:36 MSK; path=/; domain=otus.ru, _ym_d=1634119776; expires=чт, 13 окт. 2022 01:09:36 MSK; path=/; domain=.otus.ru;secure;, _ym_visorc=w; expires=ср, 13 окт. 2021 01:39:36 MSK; path=/; domain=.otus.ru;secure;, _gid=GA1.2.1532086139.1634119777; expires=чт, 14 окт. 2021 01:09:36 MSK; path=/; domain=.otus.ru, utm=utm_source%3Dtypein%26utm_medium%3Ddirect%26utm_campaign%3DNone; expires=сб, 12 окт. 2024 01:09:37 MSK; path=/; domain=otus.ru, _ym_uid=1634119776418430358; expires=чт, 13 окт. 2022 01:09:36 MSK; path=/; domain=.otus.ru;secure;, _ym_isad=2; expires=чт, 14 окт. 2021 09:09:37 MSK; path=/; domain=.otus.ru;secure;, _gat=1; expires=ср, 13 окт. 2021 01:10:36 MSK; path=/; domain=.otus.ru, _ga=GA1.2.1279305815.1634119777; expires=пт, 13 окт. 2023 01:09:36 MSK; path=/; domain=.otus.ru, _fbp=fb.1.1634119777223.1200269910; expires=вт, 11 янв. 2022 01:09:38 MSK; path=/; domain=.otus.ru, advcake_session_id=efc7c36f-3d7e-7c5f-4af7-7cb146712ccc; expires=пт, 12 нояб. 2021 01:09:36 MSK; path=/; domain=.otus.ru]
2021-10-13 13:09:38,372 INFO j.u.l.Logger [main] Логи собраны
2021-10-13 13:10:36,680 INFO j.u.l.Logger [main] Драйвер поднят
2021-10-13 13:10:39,328 INFO j.u.l.Logger [main] Сайт открыт
2021-10-13 13:10:40,373 INFO j.u.l.Logger [main] Авторизация прошла
2021-10-13 13:10:40,392 INFO j.u.l.Logger [main] [advcake_track_id=02ea6f90-3a75-d238-1a98-5ee039e34eca; expires=пт, 12 нояб. 2021 01:10:38 MSK; path=/; domain=.otus.ru, oid=f8c3783b44cc5583590d3a3f900df203; expires=сб, 12 окт. 2024 01:10:39 MSK; path=/; domain=.otus.ru, sessionid=3d46ntz84yc445ole5axt9k1tq4zmy2w; expires=вт, 11 янв. 2022 01:10:37 MSK; path=/; domain=otus.ru, _ym_d=1634119838; expires=чт, 13 окт. 2022 01:10:38 MSK; path=/; domain=.otus.ru;secure;, _ym_visorc=w; expires=ср, 13 окт. 2021 01:40:38 MSK; path=/; domain=.otus.ru;secure;, _gid=GA1.2.871698444.1634119839; expires=чт, 14 окт. 2021 01:10:38 MSK; path=/; domain=.otus.ru, utm=utm_source%3Dtypein%26utm_medium%3Ddirect%26utm_campaign%3DNone; expires=сб, 12 окт. 2024 01:10:39 MSK; path=/; domain=otus.ru, _ym_uid=16341198381039761335; expires=чт, 13 окт. 2022 01:10:38 MSK; path=/; domain=.otus.ru;secure;, _ym_isad=2; expires=чт, 14 окт. 2021 09:10:38 MSK; path=/; domain=.otus.ru;secure;, _gat=1; expires=ср, 13 окт. 2021 01:11:38 MSK; path=/; domain=.otus.ru, _ga=GA1.2.1011284702.1634119839; expires=пт, 13 окт. 2023 01:10:38 MSK; path=/; domain=.otus.ru, _fbp=fb.1.1634119839177.93481761; expires=вт, 11 янв. 2022 01:10:40 MSK; path=/; domain=.otus.ru, advcake_session_id=94caa5e8-6f22-a096-5804-8e228036b05b; expires=пт, 12 нояб. 2021 01:10:38 MSK; path=/; domain=.otus.ru]
2021-10-13 13:10:40,392 INFO j.u.l.Logger [main] Логи собраны
2021-10-13 13:10:54,054 INFO j.u.l.Logger [main] Драйвер поднят
2021-10-13 13:10:56,237 INFO j.u.l.Logger [main] Сайт открыт
2021-10-13 13:10:57,379 INFO j.u.l.Logger [main] Авторизация прошла
2021-10-13 13:10:57,405 INFO j.u.l.Logger [main] [advcake_track_id=3ba0792d-87d2-74b5-1d5d-a7d695df4889; expires=пт, 12 нояб. 2021 01:10:55 MSK; path=/; domain=.otus.ru, oid=a659e1606fabc529217c97a0ca1b65e3; expires=сб, 12 окт. 2024 01:10:56 MSK; path=/; domain=.otus.ru, sessionid=jn17vck7em7k1fwwwvm3zxq9k5139zar; expires=вт, 11 янв. 2022 01:10:54 MSK; path=/; domain=otus.ru, _ym_d=1634119855; expires=чт, 13 окт. 2022 01:10:55 MSK; path=/; domain=.otus.ru;secure;, _ym_visorc=w; expires=ср, 13 окт. 2021 01:40:55 MSK; path=/; domain=.otus.ru;secure;, _gid=GA1.2.939802590.1634119856; expires=чт, 14 окт. 2021 01:10:55 MSK; path=/; domain=.otus.ru, utm=utm_source%3Dtypein%26utm_medium%3Ddirect%26utm_campaign%3DNone; expires=сб, 12 окт. 2024 01:10:56 MSK; path=/; domain=otus.ru, _ym_uid=163411985598390131; expires=чт, 13 окт. 2022 01:10:55 MSK; path=/; domain=.otus.ru;secure;, _ym_isad=2; expires=чт, 14 окт. 2021 09:10:55 MSK; path=/; domain=.otus.ru;secure;, _gat=1; expires=ср, 13 окт. 2021 01:11:55 MSK; path=/; domain=.otus.ru, _ga=GA1.2.516211851.1634119856; expires=пт, 13 окт. 2023 01:10:55 MSK; path=/; domain=.otus.ru, _fbp=fb.1.1634119856083.628202281; expires=вт, 11 янв. 2022 01:10:57 MSK; path=/; domain=.otus.ru, advcake_session_id=f24802b0-89db-7031-23f8-f976b34ae28c; expires=пт, 12 нояб. 2021 01:10:55 MSK; path=/; domain=.otus.ru]
2021-10-13 13:10:57,406 INFO j.u.l.Logger [main] Логи собраны
2021-10-13 13:11:16,151 INFO j.u.l.Logger [main] Драйвер поднят
2021-10-13 13:11:19,062 INFO j.u.l.Logger [main] Сайт открыт
2021-10-13 13:11:20,104 INFO j.u.l.Logger [main] Авторизация прошла
2021-10-13 13:11:20,124 INFO j.u.l.Logger [main] [advcake_track_id=da5eca2f-d63c-09f5-e7cc-0ff0a833e38a; expires=пт, 12 нояб. 2021 01:11:17 MSK; path=/; domain=.otus.ru, oid=2cfec163d56e1fcdaefde1c60e23ccf1; expires=сб, 12 окт. 2024 01:11:19 MSK; path=/; domain=.otus.ru, sessionid=bm50w68qxivg5j7w2xm6ui2jx4e0hjs4; expires=вт, 11 янв. 2022 01:11:17 MSK; path=/; domain=otus.ru, _ym_d=1634119878; expires=чт, 13 окт. 2022 01:11:17 MSK; path=/; domain=.otus.ru;secure;, _ym_visorc=w; expires=ср, 13 окт. 2021 01:41:18 MSK; path=/; domain=.otus.ru;secure;, _gid=GA1.2.1147444558.1634119878; expires=чт, 14 окт. 2021 01:11:18 MSK; path=/; domain=.otus.ru, utm=utm_source%3Dtypein%26utm_medium%3Ddirect%26utm_campaign%3DNone; expires=сб, 12 окт. 2024 01:11:19 MSK; path=/; domain=otus.ru, _ym_uid=1634119878326665679; expires=чт, 13 окт. 2022 01:11:17 MSK; path=/; domain=.otus.ru;secure;, _ym_isad=2; expires=чт, 14 окт. 2021 09:11:18 MSK; path=/; domain=.otus.ru;secure;, _gat=1; expires=ср, 13 окт. 2021 01:12:18 MSK; path=/; domain=.otus.ru, _ga=GA1.2.1564820422.1634119878; expires=пт, 13 окт. 2023 01:11:18 MSK; path=/; domain=.otus.ru, _fbp=fb.1.1634119878870.86003617; expires=вт, 11 янв. 2022 01:11:20 MSK; path=/; domain=.otus.ru, advcake_session_id=d3113eed-8951-7f2b-77bb-3f87b8506f65; expires=пт, 12 нояб. 2021 01:11:17 MSK; path=/; domain=.otus.ru]
2021-10-13 13:11:20,125 INFO j.u.l.Logger [main] Логи собраны
2021-10-13 13:12:01,834 INFO j.u.l.Logger [main] Драйвер поднят
2021-10-13 13:12:10,390 INFO j.u.l.Logger [main] Сайт открыт
2021-10-13 13:12:11,484 INFO j.u.l.Logger [main] Авторизация прошла
2021-10-13 13:12:11,504 INFO j.u.l.Logger [main] [advcake_track_id=949d5325-0ff2-fc59-6853-c21e9f54df1f; expires=пт, 12 нояб. 2021 01:12:07 MSK; path=/; domain=.otus.ru, oid=d4395c9ea14d12e195c43a54b2e46f22; expires=сб, 12 окт. 2024 01:12:10 MSK; path=/; domain=.otus.ru, sessionid=va9lo6ycbpvmted850bu3ct5w9mw2r18; expires=вт, 11 янв. 2022 01:12:06 MSK; path=/; domain=otus.ru, _ym_d=1634119927; expires=чт, 13 окт. 2022 01:12:07 MSK; path=/; domain=.otus.ru;secure;, _ym_visorc=w; expires=ср, 13 окт. 2021 01:42:07 MSK; path=/; domain=.otus.ru;secure;, _gid=GA1.2.1664305969.1634119927; expires=чт, 14 окт. 2021 01:12:07 MSK; path=/; domain=.otus.ru, utm=utm_source%3Dtypein%26utm_medium%3Ddirect%26utm_campaign%3DNone; expires=сб, 12 окт. 2024 01:12:10 MSK; path=/; domain=otus.ru, _ym_uid=1634119927800072498; expires=чт, 13 окт. 2022 01:12:07 MSK; path=/; domain=.otus.ru;secure;, _ym_isad=2; expires=чт, 14 окт. 2021 09:12:07 MSK; path=/; domain=.otus.ru;secure;, _gat=1; expires=ср, 13 окт. 2021 01:13:07 MSK; path=/; domain=.otus.ru, _ga=GA1.2.822527848.1634119927; expires=пт, 13 окт. 2023 01:12:07 MSK; path=/; domain=.otus.ru, _fbp=fb.1.1634119928156.200978121; expires=вт, 11 янв. 2022 01:12:11 MSK; path=/; domain=.otus.ru, advcake_session_id=8a4a8fcf-706b-4645-d4e1-d71d031f7191; expires=пт, 12 нояб. 2021 01:12:07 MSK; path=/; domain=.otus.ru]
2021-10-13 13:12:11,505 INFO j.u.l.Logger [main] Логи собраны
2021-10-13 13:12:16,425 INFO j.u.l.Logger [main] В поисковой выдаче первый результат 'Онлайн‑курсы для профессионалов, дистанционное обучение...'
2021-10-13 13:12:19,379 INFO j.u.l.Logger [main] Картинка открылась в модальном окне
